<?xml version="1.0" encoding="UTF-8"?>
<!-- Generated by org.testng.reporters.JUnitReportReporter -->
<testsuite hostname="Acer_qa_aspire" failures="0" tests="1" name="TestRunner.CucumberTestRunner" time="6.383" errors="0" timestamp="2024-01-08T13:55:31 IST" skipped="0">
  <testcase classname="TestRunner.CucumberTestRunner" name="runScenario" time="6.383"/>
  <system-out/>
</testsuite> <!-- TestRunner.CucumberTestRunner -->
