<?xml version="1.0" encoding="UTF-8"?>
<!-- Generated by org.testng.reporters.JUnitReportReporter -->
<testsuite hostname="Acer_qa_aspire" failures="0" tests="3" name="TestRunner.TagsTestRunner" time="5.084" errors="0" timestamp="2024-01-15T11:00:34 IST" skipped="0">
  <testcase classname="TestRunner.TagsTestRunner" name="runScenario" time="0.014"/>
  <system-out/>
  <testcase classname="TestRunner.TagsTestRunner" name="runScenario" time="0.012"/>
  <system-out/>
  <testcase classname="TestRunner.TagsTestRunner" name="runScenario" time="5.058"/>
  <system-out/>
</testsuite> <!-- TestRunner.TagsTestRunner -->
